Command line:
   adc1complete_tb_isim_beh.exe
     -simmode  gui
     -simrunnum  0
     -socket  54218

Sun May 02 15:00:41 2021


 Elaboration Time: 0.03125 sec

 Current Memory Usage: 5149.59 Meg

 Total Signals          : 38
 Total Nets             : 41
 Total Signal Drivers   : 19
 Total Blocks           : 8
 Total Primitive Blocks : 6
 Total Processes        : 32
 Total Traceable Variables  : 44
 Total Scalar Nets and Variables : 342
Total Line Count : 86

 Total Simulation Time: 0.0625 sec

 Current Memory Usage: 4677.73 Meg

Sun May 02 15:19:23 2021

