ISim log file
Running: F:\CEDT projects\color_mixer_fpga\references\pwm_isim_beh.exe -intstyle ise -gui -tclbatch isim.cmd -wdb F:/CEDT projects/color_mixer_fpga/references/pwm_isim_beh.wdb 
ISim P.20131013 (signature 0x7708f090)
WARNING: A WEBPACK license was found.
WARNING: Please use Xilinx License Configuration Manager to check out a full ISim license.
WARNING: ISim will run in Lite mode. Please refer to the ISim documentation for more information on the differences between the Lite and the Full version.
This is a Lite version of ISim.
Time resolution is 1 ps
# onerror resume
# wave add /
# run 1000 ns
Simulator is doing circuit initialization process.
Finished circuit initialization process.
# isim force add /pwm/clk 1 -radix bin -value 0 -radix bin -time 128 ps -repeat 256 ps
# isim force add /pwm/dutycycle 64 -radix unsigned
# run 1.00us
# isim force add /pwm/dutycycle 128 -radix unsigned
# run 1.00us
# isim force add /pwm/dutycycle 256 -radix unsigned
/pwm/dutycycle: The value 256 is bigger than the identifier size in this context.
# run 1.00us
# isim force add /pwm/dutycycle 255 -radix unsigned
# run 1.00us
# isim force add /pwm/dutycycle 0 -radix unsigned
# run 1.00us
