#-----------------------------------------------------------
# PlanAhead v14.7
# Build 321239 by xbuild on Fri Sep 27 19:31:35 MDT 2013
# Start of session at: Sat Jul 03 23:53:45 2021
# Process ID: 16588
# Log file: F:/CEDT projects/color_mixer_fpga/codes/v1_adc/parameterized_adc/planAhead_run_2/planAhead.log
# Journal file: F:/CEDT projects/color_mixer_fpga/codes/v1_adc/parameterized_adc/planAhead_run_2/planAhead.jou
#-----------------------------------------------------------
INFO: [Common 17-78] Attempting to get a license: PlanAhead
INFO: [Common 17-290] Got license for PlanAhead
INFO: [Common 17-86] Your PlanAhead license expires in -734 day(s)
INFO: [Device 21-36] Loading parts and site information from C:/Xilinx/14.7/ISE_DS/PlanAhead/data/parts/arch.xml
Parsing RTL primitives file [C:/Xilinx/14.7/ISE_DS/PlanAhead/data/parts/xilinx/rtl/prims/rtl_prims.xml]
Finished parsing RTL primitives file [C:/Xilinx/14.7/ISE_DS/PlanAhead/data/parts/xilinx/rtl/prims/rtl_prims.xml]
start_gui
source {F:/CEDT projects/color_mixer_fpga/codes/v1_adc/parameterized_adc/pa.fromHdl.tcl}
# create_project -name parameterized_adc -dir "F:/CEDT projects/color_mixer_fpga/codes/v1_adc/parameterized_adc/planAhead_run_2" -part xc3s50antqg144-4
ERROR: [Common 17-53] User Exception: Project already exists on disk, please use '-force' option to overwrite: 
     F:/CEDT projects/color_mixer_fpga/codes/v1_adc/parameterized_adc/planAhead_run_2/parameterized_adc.ppr
     F:/CEDT projects/color_mixer_fpga/codes/v1_adc/parameterized_adc/planAhead_run_2/parameterized_adc.data

    while executing
"create_project -name parameterized_adc -dir "F:/CEDT projects/color_mixer_fpga/codes/v1_adc/parameterized_adc/planAhead_run_2" -part xc3s50antqg144-4"
    (file "F:/CEDT projects/color_mixer_fpga/codes/v1_adc/parameterized_adc/pa.fromHdl.tcl" line 4)
exit
INFO: [Common 17-206] Exiting PlanAhead at Sun Jul 04 00:07:05 2021...
INFO: [Common 17-83] Releasing license: PlanAhead
