Command line:
   clkBy3_isim_beh.exe
     -simmode  gui
     -simrunnum  0
     -socket  64740

Wed Apr 21 17:28:56 2021


 Elaboration Time: 0.03125 sec

 Current Memory Usage: 5150.15 Meg

 Total Signals          : 21
 Total Nets             : 17
 Total Signal Drivers   : 8
 Total Blocks           : 4
 Total Primitive Blocks : 3
 Total Processes        : 11
 Total Traceable Variables  : 20
 Total Scalar Nets and Variables : 100
Total Line Count : 23

 Total Simulation Time: 0.0625 sec

 Current Memory Usage: 4678.3 Meg

Wed Apr 21 20:51:36 2021

