Release 14.7 - ngc2edif P.20131013 (nt)
Copyright (c) 1995-2013 Xilinx, Inc.  All rights reserved.
Reading design clkBy3.ngc ...
WARNING:NetListWriters:298 - No output is written to clkBy3.xncf, ignored.
Processing design ...
   Preping design's networks ...
   Preping design's macros ...
  finished :Prep
Writing EDIF netlist file clkBy3.edif ...
ngc2edif: Total memory usage is 77976 kilobytes

Release 14.7 - ngc2edif P.20131013 (nt)
Copyright (c) 1995-2013 Xilinx, Inc.  All rights reserved.
Reading design clkBy3.ngc ...
WARNING:NetListWriters:298 - No output is written to clkBy3.xncf, ignored.
Processing design ...
   Preping design's networks ...
   Preping design's macros ...
  finished :Prep
Writing EDIF netlist file clkBy3.edif ...
ngc2edif: Total memory usage is 78744 kilobytes

Release 14.7 - ngc2edif P.20131013 (nt)
Copyright (c) 1995-2013 Xilinx, Inc.  All rights reserved.
Reading design clkBy3.ngc ...
WARNING:NetListWriters:298 - No output is written to clkBy3.xncf, ignored.
Processing design ...
   Preping design's networks ...
   Preping design's macros ...
  finished :Prep
Writing EDIF netlist file clkBy3.edif ...
ngc2edif: Total memory usage is 78168 kilobytes

