Command line:
   pwm_isim_beh.exe
     -simmode  gui
     -simrunnum  0
     -socket  52854

Mon Apr 05 15:32:01 2021


 Elaboration Time: 0.046875 sec

 Current Memory Usage: 5149.63 Meg

 Total Signals          : 16
 Total Nets             : 23
 Total Signal Drivers   : 6
 Total Blocks           : 2
 Total Primitive Blocks : 2
 Total Processes        : 8
 Total Traceable Variables  : 19
 Total Scalar Nets and Variables : 111
Total Line Count : 18

 Total Simulation Time: 0.09375 sec

 Current Memory Usage: 4677.78 Meg

Mon Apr 05 15:34:58 2021

