--------------------------------------------------------------------------------
Release 14.7 Trace  (nt64)
Copyright (c) 1995-2013 Xilinx, Inc.  All rights reserved.

C:\Xilinx\14.7\ISE_DS\ISE\bin\nt64\unwrapped\trce.exe -intstyle ise -v 3 -s 4
-n 3 -fastpaths -xml adc4pwm.twx adc4pwm.ncd -o adc4pwm.twr adc4pwm.pcf -ucf
adc4pwm.ucf

Design file:              adc4pwm.ncd
Physical constraint file: adc4pwm.pcf
Device,package,speed:     xc3s50an,tqg144,-4 (PRODUCTION 1.42 2013-10-13)
Report level:             verbose report

Environment Variable      Effect 
--------------------      ------ 
NONE                      No environment variables were set
--------------------------------------------------------------------------------

INFO:Timing:3412 - To improve timing, see the Timing Closure User Guide (UG612).
INFO:Timing:2752 - To get complete path coverage, use the unconstrained paths 
   option. All paths that are not constrained will be reported in the 
   unconstrained paths section(s) of the report.
INFO:Timing:3339 - The clock-to-out numbers in this timing report are based on 
   a 50 Ohm transmission line loading model.  For the details of this model, 
   and for more information on accounting for different loading conditions, 
   please see the device datasheet.
INFO:Timing:3390 - This architecture does not support a default System Jitter 
   value, please add SYSTEM_JITTER constraint to the UCF to modify the Clock 
   Uncertainty calculation.
INFO:Timing:3389 - This architecture does not support 'Discrete Jitter' and 
   'Phase Error' calculations, these terms will be zero in the Clock 
   Uncertainty calculation.  Please make appropriate modification to 
   SYSTEM_JITTER to account for the unsupported Discrete Jitter and Phase 
   Error.

================================================================================
Timing constraint: PATH "TS_D2_TO_T2_ila_pro_0_path" TIG;

 3 paths analyzed, 3 endpoints analyzed, 0 failing endpoints
 0 timing errors detected. (0 setup errors, 0 hold errors)
--------------------------------------------------------------------------------

Paths for end point U_ila_pro_0/U0/I_NO_D.U_ILA/U_STAT/U_TDO (SLICE_X20Y11.F2), 1 path
--------------------------------------------------------------------------------
Delay (setup path):     6.892ns (data path - clock path skew + uncertainty)
  Source:               U_ila_pro_0/U0/I_NO_D.U_ILA/U_STAT/U_DIRTY_LDC (LATCH)
  Destination:          U_ila_pro_0/U0/I_NO_D.U_ILA/U_STAT/U_TDO (FF)
  Data Path Delay:      6.892ns (Levels of Logic = 4)
  Clock Path Skew:      0.000ns
  Source Clock:         icon_control0<13> falling
  Destination Clock:    icon_control0<0> rising
  Clock Uncertainty:    0.000ns

  Maximum Data Path: U_ila_pro_0/U0/I_NO_D.U_ILA/U_STAT/U_DIRTY_LDC to U_ila_pro_0/U0/I_NO_D.U_ILA/U_STAT/U_TDO
    Location             Delay type         Delay(ns)  Physical Resource
                                                       Logical Resource(s)
    -------------------------------------------------  -------------------
    SLICE_X20Y12.YQ      Tcklo                 0.730   U_ila_pro_0/U0/I_NO_D.U_ILA/U_STAT/DIRTY_SEL
                                                       U_ila_pro_0/U0/I_NO_D.U_ILA/U_STAT/U_DIRTY_LDC
    SLICE_X20Y10.F1      net (fanout=1)        0.720   U_ila_pro_0/U0/I_NO_D.U_ILA/U_STAT/DIRTY_SEL
    SLICE_X20Y10.X       Tilo                  0.692   U_ila_pro_0/U0/I_NO_D.U_ILA/U_STAT/DIRTY_D0
                                                       U_ila_pro_0/U0/I_NO_D.U_ILA/U_STAT/DIRTY_dstat1
    SLICE_X22Y8.G3       net (fanout=2)        0.384   U_ila_pro_0/U0/I_NO_D.U_ILA/U_STAT/DIRTY_dstat
    SLICE_X22Y8.X        Tif5x                 0.987   U_ila_pro_0/U0/I_NO_D.U_ILA/U_STAT/U_DMUX/U_CS_MUX/I3.U_MUX8/Mmux_O_91
                                                       U_ila_pro_0/U0/I_NO_D.U_ILA/U_STAT/U_DMUX/U_CS_MUX/I3.U_MUX8/Mmux_O_91_F
                                                       U_ila_pro_0/U0/I_NO_D.U_ILA/U_STAT/U_DMUX/U_CS_MUX/I3.U_MUX8/Mmux_O_91
    SLICE_X20Y4.G1       net (fanout=1)        0.704   U_ila_pro_0/U0/I_NO_D.U_ILA/U_STAT/U_DMUX/U_CS_MUX/I3.U_MUX8/Mmux_O_91
    SLICE_X20Y4.X        Tif5x                 0.987   U_ila_pro_0/U0/I_NO_D.U_ILA/U_STAT/TDO_mux_in<0>1
                                                       U_ila_pro_0/U0/I_NO_D.U_ILA/U_STAT/U_DMUX/U_CS_MUX/I3.U_MUX8/Mmux_O_4
                                                       U_ila_pro_0/U0/I_NO_D.U_ILA/U_STAT/U_DMUX/U_CS_MUX/I3.U_MUX8/Mmux_O_2_f5
    SLICE_X20Y11.F2      net (fanout=1)        0.886   U_ila_pro_0/U0/I_NO_D.U_ILA/U_STAT/TDO_mux_in<0>1
    SLICE_X20Y11.CLK     Tfck                  0.802   U_ila_pro_0/U0/I_NO_D.U_ILA/iSTAT_DOUT
                                                       U_ila_pro_0/U0/I_NO_D.U_ILA/U_STAT/U_MUX/U_CS_MUX/I1.U_MUX2/O56
                                                       U_ila_pro_0/U0/I_NO_D.U_ILA/U_STAT/U_TDO
    -------------------------------------------------  ---------------------------
    Total                                      6.892ns (4.198ns logic, 2.694ns route)
                                                       (60.9% logic, 39.1% route)

--------------------------------------------------------------------------------

Paths for end point U_ila_pro_0/U0/I_NO_D.U_ILA/U_STAT/U_DIRTY_FDPE (SLICE_X21Y11.BY), 1 path
--------------------------------------------------------------------------------
Delay (setup path):     3.143ns (data path - clock path skew + uncertainty)
  Source:               U_ila_pro_0/U0/I_NO_D.U_ILA/U_STAT/U_DIRTY_LDC (LATCH)
  Destination:          U_ila_pro_0/U0/I_NO_D.U_ILA/U_STAT/U_DIRTY_FDPE (FF)
  Data Path Delay:      3.143ns (Levels of Logic = 1)
  Clock Path Skew:      0.000ns
  Source Clock:         icon_control0<13> falling
  Destination Clock:    icon_control0<0> rising
  Clock Uncertainty:    0.000ns

  Maximum Data Path: U_ila_pro_0/U0/I_NO_D.U_ILA/U_STAT/U_DIRTY_LDC to U_ila_pro_0/U0/I_NO_D.U_ILA/U_STAT/U_DIRTY_FDPE
    Location             Delay type         Delay(ns)  Physical Resource
                                                       Logical Resource(s)
    -------------------------------------------------  -------------------
    SLICE_X20Y12.YQ      Tcklo                 0.730   U_ila_pro_0/U0/I_NO_D.U_ILA/U_STAT/DIRTY_SEL
                                                       U_ila_pro_0/U0/I_NO_D.U_ILA/U_STAT/U_DIRTY_LDC
    SLICE_X20Y10.F1      net (fanout=1)        0.720   U_ila_pro_0/U0/I_NO_D.U_ILA/U_STAT/DIRTY_SEL
    SLICE_X20Y10.X       Tilo                  0.692   U_ila_pro_0/U0/I_NO_D.U_ILA/U_STAT/DIRTY_D0
                                                       U_ila_pro_0/U0/I_NO_D.U_ILA/U_STAT/DIRTY_dstat1
    SLICE_X21Y11.BY      net (fanout=2)        0.687   U_ila_pro_0/U0/I_NO_D.U_ILA/U_STAT/DIRTY_dstat
    SLICE_X21Y11.CLK     Tdick                 0.314   U_ila_pro_0/U0/I_NO_D.U_ILA/U_STAT/DIRTY_D1
                                                       U_ila_pro_0/U0/I_NO_D.U_ILA/U_STAT/U_DIRTY_FDPE
    -------------------------------------------------  ---------------------------
    Total                                      3.143ns (1.736ns logic, 1.407ns route)
                                                       (55.2% logic, 44.8% route)

--------------------------------------------------------------------------------

Paths for end point U_ila_pro_0/U0/I_NO_D.U_ILA/U_STAT/U_DIRTY_FDCE (SLICE_X20Y10.F1), 1 path
--------------------------------------------------------------------------------
Delay (setup path):     2.252ns (data path - clock path skew + uncertainty)
  Source:               U_ila_pro_0/U0/I_NO_D.U_ILA/U_STAT/U_DIRTY_LDC (LATCH)
  Destination:          U_ila_pro_0/U0/I_NO_D.U_ILA/U_STAT/U_DIRTY_FDCE (FF)
  Data Path Delay:      2.252ns (Levels of Logic = 1)
  Clock Path Skew:      0.000ns
  Source Clock:         icon_control0<13> falling
  Destination Clock:    icon_control0<0> rising
  Clock Uncertainty:    0.000ns

  Maximum Data Path: U_ila_pro_0/U0/I_NO_D.U_ILA/U_STAT/U_DIRTY_LDC to U_ila_pro_0/U0/I_NO_D.U_ILA/U_STAT/U_DIRTY_FDCE
    Location             Delay type         Delay(ns)  Physical Resource
                                                       Logical Resource(s)
    -------------------------------------------------  -------------------
    SLICE_X20Y12.YQ      Tcklo                 0.730   U_ila_pro_0/U0/I_NO_D.U_ILA/U_STAT/DIRTY_SEL
                                                       U_ila_pro_0/U0/I_NO_D.U_ILA/U_STAT/U_DIRTY_LDC
    SLICE_X20Y10.F1      net (fanout=1)        0.720   U_ila_pro_0/U0/I_NO_D.U_ILA/U_STAT/DIRTY_SEL
    SLICE_X20Y10.CLK     Tfck                  0.802   U_ila_pro_0/U0/I_NO_D.U_ILA/U_STAT/DIRTY_D0
                                                       U_ila_pro_0/U0/I_NO_D.U_ILA/U_STAT/DIRTY_dstat1
                                                       U_ila_pro_0/U0/I_NO_D.U_ILA/U_STAT/U_DIRTY_FDCE
    -------------------------------------------------  ---------------------------
    Total                                      2.252ns (1.532ns logic, 0.720ns route)
                                                       (68.0% logic, 32.0% route)

--------------------------------------------------------------------------------

Hold Paths: PATH "TS_D2_TO_T2_ila_pro_0_path" TIG;
--------------------------------------------------------------------------------

Paths for end point U_ila_pro_0/U0/I_NO_D.U_ILA/U_STAT/U_DIRTY_FDCE (SLICE_X20Y10.F1), 1 path
--------------------------------------------------------------------------------
Delay (hold path):      1.665ns (datapath - clock path skew - uncertainty)
  Source:               U_ila_pro_0/U0/I_NO_D.U_ILA/U_STAT/U_DIRTY_LDC (LATCH)
  Destination:          U_ila_pro_0/U0/I_NO_D.U_ILA/U_STAT/U_DIRTY_FDCE (FF)
  Data Path Delay:      1.665ns (Levels of Logic = 1)
  Clock Path Skew:      0.000ns
  Source Clock:         icon_control0<13> falling
  Destination Clock:    icon_control0<0> rising
  Clock Uncertainty:    0.000ns

  Minimum Data Path: U_ila_pro_0/U0/I_NO_D.U_ILA/U_STAT/U_DIRTY_LDC to U_ila_pro_0/U0/I_NO_D.U_ILA/U_STAT/U_DIRTY_FDCE
    Location             Delay type         Delay(ns)  Physical Resource
                                                       Logical Resource(s)
    -------------------------------------------------  -------------------
    SLICE_X20Y12.YQ      Tcklo                 0.584   U_ila_pro_0/U0/I_NO_D.U_ILA/U_STAT/DIRTY_SEL
                                                       U_ila_pro_0/U0/I_NO_D.U_ILA/U_STAT/U_DIRTY_LDC
    SLICE_X20Y10.F1      net (fanout=1)        0.576   U_ila_pro_0/U0/I_NO_D.U_ILA/U_STAT/DIRTY_SEL
    SLICE_X20Y10.CLK     Tckf        (-Th)    -0.505   U_ila_pro_0/U0/I_NO_D.U_ILA/U_STAT/DIRTY_D0
                                                       U_ila_pro_0/U0/I_NO_D.U_ILA/U_STAT/DIRTY_dstat1
                                                       U_ila_pro_0/U0/I_NO_D.U_ILA/U_STAT/U_DIRTY_FDCE
    -------------------------------------------------  ---------------------------
    Total                                      1.665ns (1.089ns logic, 0.576ns route)
                                                       (65.4% logic, 34.6% route)

--------------------------------------------------------------------------------

Paths for end point U_ila_pro_0/U0/I_NO_D.U_ILA/U_STAT/U_DIRTY_FDPE (SLICE_X21Y11.BY), 1 path
--------------------------------------------------------------------------------
Delay (hold path):      2.404ns (datapath - clock path skew - uncertainty)
  Source:               U_ila_pro_0/U0/I_NO_D.U_ILA/U_STAT/U_DIRTY_LDC (LATCH)
  Destination:          U_ila_pro_0/U0/I_NO_D.U_ILA/U_STAT/U_DIRTY_FDPE (FF)
  Data Path Delay:      2.404ns (Levels of Logic = 1)
  Clock Path Skew:      0.000ns
  Source Clock:         icon_control0<13> falling
  Destination Clock:    icon_control0<0> rising
  Clock Uncertainty:    0.000ns

  Minimum Data Path: U_ila_pro_0/U0/I_NO_D.U_ILA/U_STAT/U_DIRTY_LDC to U_ila_pro_0/U0/I_NO_D.U_ILA/U_STAT/U_DIRTY_FDPE
    Location             Delay type         Delay(ns)  Physical Resource
                                                       Logical Resource(s)
    -------------------------------------------------  -------------------
    SLICE_X20Y12.YQ      Tcklo                 0.584   U_ila_pro_0/U0/I_NO_D.U_ILA/U_STAT/DIRTY_SEL
                                                       U_ila_pro_0/U0/I_NO_D.U_ILA/U_STAT/U_DIRTY_LDC
    SLICE_X20Y10.F1      net (fanout=1)        0.576   U_ila_pro_0/U0/I_NO_D.U_ILA/U_STAT/DIRTY_SEL
    SLICE_X20Y10.X       Tilo                  0.554   U_ila_pro_0/U0/I_NO_D.U_ILA/U_STAT/DIRTY_D0
                                                       U_ila_pro_0/U0/I_NO_D.U_ILA/U_STAT/DIRTY_dstat1
    SLICE_X21Y11.BY      net (fanout=2)        0.550   U_ila_pro_0/U0/I_NO_D.U_ILA/U_STAT/DIRTY_dstat
    SLICE_X21Y11.CLK     Tckdi       (-Th)    -0.140   U_ila_pro_0/U0/I_NO_D.U_ILA/U_STAT/DIRTY_D1
                                                       U_ila_pro_0/U0/I_NO_D.U_ILA/U_STAT/U_DIRTY_FDPE
    -------------------------------------------------  ---------------------------
    Total                                      2.404ns (1.278ns logic, 1.126ns route)
                                                       (53.2% logic, 46.8% route)

--------------------------------------------------------------------------------

Paths for end point U_ila_pro_0/U0/I_NO_D.U_ILA/U_STAT/U_TDO (SLICE_X20Y11.F2), 1 path
--------------------------------------------------------------------------------
Delay (hold path):      5.378ns (datapath - clock path skew - uncertainty)
  Source:               U_ila_pro_0/U0/I_NO_D.U_ILA/U_STAT/U_DIRTY_LDC (LATCH)
  Destination:          U_ila_pro_0/U0/I_NO_D.U_ILA/U_STAT/U_TDO (FF)
  Data Path Delay:      5.378ns (Levels of Logic = 4)
  Clock Path Skew:      0.000ns
  Source Clock:         icon_control0<13> falling
  Destination Clock:    icon_control0<0> rising
  Clock Uncertainty:    0.000ns

  Minimum Data Path: U_ila_pro_0/U0/I_NO_D.U_ILA/U_STAT/U_DIRTY_LDC to U_ila_pro_0/U0/I_NO_D.U_ILA/U_STAT/U_TDO
    Location             Delay type         Delay(ns)  Physical Resource
                                                       Logical Resource(s)
    -------------------------------------------------  -------------------
    SLICE_X20Y12.YQ      Tcklo                 0.584   U_ila_pro_0/U0/I_NO_D.U_ILA/U_STAT/DIRTY_SEL
                                                       U_ila_pro_0/U0/I_NO_D.U_ILA/U_STAT/U_DIRTY_LDC
    SLICE_X20Y10.F1      net (fanout=1)        0.576   U_ila_pro_0/U0/I_NO_D.U_ILA/U_STAT/DIRTY_SEL
    SLICE_X20Y10.X       Tilo                  0.554   U_ila_pro_0/U0/I_NO_D.U_ILA/U_STAT/DIRTY_D0
                                                       U_ila_pro_0/U0/I_NO_D.U_ILA/U_STAT/DIRTY_dstat1
    SLICE_X22Y8.G3       net (fanout=2)        0.307   U_ila_pro_0/U0/I_NO_D.U_ILA/U_STAT/DIRTY_dstat
    SLICE_X22Y8.X        Tif5x                 0.790   U_ila_pro_0/U0/I_NO_D.U_ILA/U_STAT/U_DMUX/U_CS_MUX/I3.U_MUX8/Mmux_O_91
                                                       U_ila_pro_0/U0/I_NO_D.U_ILA/U_STAT/U_DMUX/U_CS_MUX/I3.U_MUX8/Mmux_O_91_F
                                                       U_ila_pro_0/U0/I_NO_D.U_ILA/U_STAT/U_DMUX/U_CS_MUX/I3.U_MUX8/Mmux_O_91
    SLICE_X20Y4.G1       net (fanout=1)        0.563   U_ila_pro_0/U0/I_NO_D.U_ILA/U_STAT/U_DMUX/U_CS_MUX/I3.U_MUX8/Mmux_O_91
    SLICE_X20Y4.X        Tif5x                 0.790   U_ila_pro_0/U0/I_NO_D.U_ILA/U_STAT/TDO_mux_in<0>1
                                                       U_ila_pro_0/U0/I_NO_D.U_ILA/U_STAT/U_DMUX/U_CS_MUX/I3.U_MUX8/Mmux_O_4
                                                       U_ila_pro_0/U0/I_NO_D.U_ILA/U_STAT/U_DMUX/U_CS_MUX/I3.U_MUX8/Mmux_O_2_f5
    SLICE_X20Y11.F2      net (fanout=1)        0.709   U_ila_pro_0/U0/I_NO_D.U_ILA/U_STAT/TDO_mux_in<0>1
    SLICE_X20Y11.CLK     Tckf        (-Th)    -0.505   U_ila_pro_0/U0/I_NO_D.U_ILA/iSTAT_DOUT
                                                       U_ila_pro_0/U0/I_NO_D.U_ILA/U_STAT/U_MUX/U_CS_MUX/I1.U_MUX2/O56
                                                       U_ila_pro_0/U0/I_NO_D.U_ILA/U_STAT/U_TDO
    -------------------------------------------------  ---------------------------
    Total                                      5.378ns (3.223ns logic, 2.155ns route)
                                                       (59.9% logic, 40.1% route)

--------------------------------------------------------------------------------

================================================================================
Timing constraint: PATH "TS_J2_TO_D2_ila_pro_0_path" TIG;

 0 paths analyzed, 0 endpoints analyzed, 0 failing endpoints
 0 timing errors detected.
--------------------------------------------------------------------------------

================================================================================
Timing constraint: PATH "TS_J3_TO_D2_ila_pro_0_path" TIG;

 0 paths analyzed, 0 endpoints analyzed, 0 failing endpoints
 0 timing errors detected.
--------------------------------------------------------------------------------

================================================================================
Timing constraint: PATH "TS_J4_TO_D2_ila_pro_0_path" TIG;

 11 paths analyzed, 1 endpoint analyzed, 0 failing endpoints
 0 timing errors detected. (0 setup errors, 0 hold errors)
--------------------------------------------------------------------------------

Paths for end point U_ila_pro_0/U0/I_NO_D.U_ILA/U_STAT/U_DIRTY_LDC (SLICE_X20Y12.CLK), 11 paths
--------------------------------------------------------------------------------
Delay (setup path):     5.323ns (data path)
  Source:               U_icon_pro/U0/U_ICON/U_CMD/G_TARGET[8].I_NE0.U_TARGET (FF)
  Destination:          U_ila_pro_0/U0/I_NO_D.U_ILA/U_STAT/U_DIRTY_LDC (LATCH)
  Data Path Delay:      5.323ns (Levels of Logic = 2)
  Source Clock:         icon_control0<0> rising

  Maximum Data Path: U_icon_pro/U0/U_ICON/U_CMD/G_TARGET[8].I_NE0.U_TARGET to U_ila_pro_0/U0/I_NO_D.U_ILA/U_STAT/U_DIRTY_LDC
    Location             Delay type         Delay(ns)  Physical Resource
                                                       Logical Resource(s)
    -------------------------------------------------  -------------------
    SLICE_X18Y24.YQ      Tcko                  0.676   U_icon_pro/U0/U_ICON/U_CMD/iTARGET<9>
                                                       U_icon_pro/U0/U_ICON/U_CMD/G_TARGET[8].I_NE0.U_TARGET
    SLICE_X19Y21.F2      net (fanout=10)       1.446   U_icon_pro/U0/U_ICON/U_CMD/iTARGET<8>
    SLICE_X19Y21.X       Tilo                  0.643   U_icon_pro/U0/U_ICON/iCOMMAND_SEL<9>
                                                       U_icon_pro/U0/U_ICON/U_CMD/U_COMMAND_SEL/I4.FI[9].U_LUT
    SLICE_X21Y19.G1      net (fanout=1)        0.730   U_icon_pro/U0/U_ICON/iCOMMAND_SEL<9>
    SLICE_X21Y19.Y       Tilo                  0.648   U_ila_pro_0/U0/I_NO_D.U_ILA/U_RST/U_HALT_XFER/din_latched
                                                       U_icon_pro/U0/U_ICON/U_CTRL_OUT/F_NCP[0].F_CMD[9].U_LCE
    SLICE_X20Y12.CLK     net (fanout=4)        1.180   icon_control0<13>
    -------------------------------------------------  ---------------------------
    Total                                      5.323ns (1.967ns logic, 3.356ns route)
                                                       (37.0% logic, 63.0% route)

--------------------------------------------------------------------------------
Delay (setup path):     5.261ns (data path)
  Source:               U_icon_pro/U0/U_ICON/U_CMD/G_TARGET[10].I_NE0.U_TARGET (FF)
  Destination:          U_ila_pro_0/U0/I_NO_D.U_ILA/U_STAT/U_DIRTY_LDC (LATCH)
  Data Path Delay:      5.261ns (Levels of Logic = 2)
  Source Clock:         icon_control0<0> rising

  Maximum Data Path: U_icon_pro/U0/U_ICON/U_CMD/G_TARGET[10].I_NE0.U_TARGET to U_ila_pro_0/U0/I_NO_D.U_ILA/U_STAT/U_DIRTY_LDC
    Location             Delay type         Delay(ns)  Physical Resource
                                                       Logical Resource(s)
    -------------------------------------------------  -------------------
    SLICE_X19Y24.YQ      Tcko                  0.580   U_icon_pro/U0/U_ICON/U_CMD/iTARGET<11>
                                                       U_icon_pro/U0/U_ICON/U_CMD/G_TARGET[10].I_NE0.U_TARGET
    SLICE_X19Y21.F3      net (fanout=10)       1.480   U_icon_pro/U0/U_ICON/U_CMD/iTARGET<10>
    SLICE_X19Y21.X       Tilo                  0.643   U_icon_pro/U0/U_ICON/iCOMMAND_SEL<9>
                                                       U_icon_pro/U0/U_ICON/U_CMD/U_COMMAND_SEL/I4.FI[9].U_LUT
    SLICE_X21Y19.G1      net (fanout=1)        0.730   U_icon_pro/U0/U_ICON/iCOMMAND_SEL<9>
    SLICE_X21Y19.Y       Tilo                  0.648   U_ila_pro_0/U0/I_NO_D.U_ILA/U_RST/U_HALT_XFER/din_latched
                                                       U_icon_pro/U0/U_ICON/U_CTRL_OUT/F_NCP[0].F_CMD[9].U_LCE
    SLICE_X20Y12.CLK     net (fanout=4)        1.180   icon_control0<13>
    -------------------------------------------------  ---------------------------
    Total                                      5.261ns (1.871ns logic, 3.390ns route)
                                                       (35.6% logic, 64.4% route)

--------------------------------------------------------------------------------
Delay (setup path):     4.791ns (data path)
  Source:               U_icon_pro/U0/U_ICON/U_CMD/G_TARGET[9].I_NE0.U_TARGET (FF)
  Destination:          U_ila_pro_0/U0/I_NO_D.U_ILA/U_STAT/U_DIRTY_LDC (LATCH)
  Data Path Delay:      4.791ns (Levels of Logic = 2)
  Source Clock:         icon_control0<0> rising

  Maximum Data Path: U_icon_pro/U0/U_ICON/U_CMD/G_TARGET[9].I_NE0.U_TARGET to U_ila_pro_0/U0/I_NO_D.U_ILA/U_STAT/U_DIRTY_LDC
    Location             Delay type         Delay(ns)  Physical Resource
                                                       Logical Resource(s)
    -------------------------------------------------  -------------------
    SLICE_X18Y24.XQ      Tcko                  0.631   U_icon_pro/U0/U_ICON/U_CMD/iTARGET<9>
                                                       U_icon_pro/U0/U_ICON/U_CMD/G_TARGET[9].I_NE0.U_TARGET
    SLICE_X19Y21.F4      net (fanout=10)       0.959   U_icon_pro/U0/U_ICON/U_CMD/iTARGET<9>
    SLICE_X19Y21.X       Tilo                  0.643   U_icon_pro/U0/U_ICON/iCOMMAND_SEL<9>
                                                       U_icon_pro/U0/U_ICON/U_CMD/U_COMMAND_SEL/I4.FI[9].U_LUT
    SLICE_X21Y19.G1      net (fanout=1)        0.730   U_icon_pro/U0/U_ICON/iCOMMAND_SEL<9>
    SLICE_X21Y19.Y       Tilo                  0.648   U_ila_pro_0/U0/I_NO_D.U_ILA/U_RST/U_HALT_XFER/din_latched
                                                       U_icon_pro/U0/U_ICON/U_CTRL_OUT/F_NCP[0].F_CMD[9].U_LCE
    SLICE_X20Y12.CLK     net (fanout=4)        1.180   icon_control0<13>
    -------------------------------------------------  ---------------------------
    Total                                      4.791ns (1.922ns logic, 2.869ns route)
                                                       (40.1% logic, 59.9% route)

--------------------------------------------------------------------------------

================================================================================
Timing constraint: TS_U_TO_U = MAXDELAY FROM TIMEGRP "U_CLK" TO TIMEGRP "U_CLK" 
15 ns;
For more information, see From:To (Multicycle) Analysis in the Timing Closure User Guide (UG612).

 1 path analyzed, 1 endpoint analyzed, 0 failing endpoints
 0 timing errors detected. (0 setup errors, 0 hold errors)
 Maximum delay is   1.619ns.
--------------------------------------------------------------------------------

Paths for end point U_icon_pro/U0/U_ICON/U_iDATA_CMD (SLICE_X22Y30.BY), 1 path
--------------------------------------------------------------------------------
Slack (setup paths):    13.381ns (requirement - (data path - clock path skew + uncertainty))
  Source:               U_icon_pro/U0/U_ICON/U_iDATA_CMD (FF)
  Destination:          U_icon_pro/U0/U_ICON/U_iDATA_CMD (FF)
  Requirement:          15.000ns
  Data Path Delay:      1.619ns (Levels of Logic = 0)
  Clock Path Skew:      0.000ns
  Source Clock:         U_icon_pro/U0/iUPDATE_OUT rising
  Destination Clock:    U_icon_pro/U0/iUPDATE_OUT rising
  Clock Uncertainty:    0.000ns

  Maximum Data Path: U_icon_pro/U0/U_ICON/U_iDATA_CMD to U_icon_pro/U0/U_ICON/U_iDATA_CMD
    Location             Delay type         Delay(ns)  Physical Resource
                                                       Logical Resource(s)
    -------------------------------------------------  -------------------
    SLICE_X22Y30.YQ      Tcko                  0.676   U_icon_pro/U0/U_ICON/iDATA_CMD
                                                       U_icon_pro/U0/U_ICON/U_iDATA_CMD
    SLICE_X22Y30.BY      net (fanout=7)        0.557   U_icon_pro/U0/U_ICON/iDATA_CMD
    SLICE_X22Y30.CLK     Tdick                 0.386   U_icon_pro/U0/U_ICON/iDATA_CMD
                                                       U_icon_pro/U0/U_ICON/U_iDATA_CMD
    -------------------------------------------------  ---------------------------
    Total                                      1.619ns (1.062ns logic, 0.557ns route)
                                                       (65.6% logic, 34.4% route)

--------------------------------------------------------------------------------
Hold Paths: TS_U_TO_U = MAXDELAY FROM TIMEGRP "U_CLK" TO TIMEGRP "U_CLK" 15 ns;
--------------------------------------------------------------------------------

Paths for end point U_icon_pro/U0/U_ICON/U_iDATA_CMD (SLICE_X22Y30.BY), 1 path
--------------------------------------------------------------------------------
Slack (hold path):      1.160ns (requirement - (clock path skew + uncertainty - data path))
  Source:               U_icon_pro/U0/U_ICON/U_iDATA_CMD (FF)
  Destination:          U_icon_pro/U0/U_ICON/U_iDATA_CMD (FF)
  Requirement:          0.000ns
  Data Path Delay:      1.160ns (Levels of Logic = 0)
  Positive Clock Path Skew: 0.000ns
  Source Clock:         U_icon_pro/U0/iUPDATE_OUT rising
  Destination Clock:    U_icon_pro/U0/iUPDATE_OUT rising
  Clock Uncertainty:    0.000ns

  Minimum Data Path: U_icon_pro/U0/U_ICON/U_iDATA_CMD to U_icon_pro/U0/U_ICON/U_iDATA_CMD
    Location             Delay type         Delay(ns)  Physical Resource
                                                       Logical Resource(s)
    -------------------------------------------------  -------------------
    SLICE_X22Y30.YQ      Tcko                  0.541   U_icon_pro/U0/U_ICON/iDATA_CMD
                                                       U_icon_pro/U0/U_ICON/U_iDATA_CMD
    SLICE_X22Y30.BY      net (fanout=7)        0.446   U_icon_pro/U0/U_ICON/iDATA_CMD
    SLICE_X22Y30.CLK     Tckdi       (-Th)    -0.173   U_icon_pro/U0/U_ICON/iDATA_CMD
                                                       U_icon_pro/U0/U_ICON/U_iDATA_CMD
    -------------------------------------------------  ---------------------------
    Total                                      1.160ns (0.714ns logic, 0.446ns route)
                                                       (61.6% logic, 38.4% route)
--------------------------------------------------------------------------------


All constraints were met.


Data Sheet report:
-----------------
No constraints were found to generate data for the Data Sheet Report section.
Use the Advanced Analysis (-a) option or generate global constraints for each
clock, its pad to setup and clock to pad paths, and a pad to pad constraint.

Timing summary:
---------------

Timing errors: 0  Score: 0  (Setup/Max: 0, Hold: 0)

Constraints cover 15 paths, 0 nets, and 22 connections

Design statistics:
   Minimum period:   1.619ns{1}   (Maximum frequency: 617.665MHz)
   Maximum path delay from/to any node:   1.619ns


------------------------------------Footnotes-----------------------------------
1)  The minimum period statistic assumes all single cycle delays.

Analysis completed Sat Jul 10 17:11:39 2021 
--------------------------------------------------------------------------------

Trace Settings:
-------------------------
Trace Settings 

Peak Memory Usage: 4522 MB



