#-----------------------------------------------------------
# PlanAhead v14.7
# Build 321239 by xbuild on Fri Sep 27 19:31:35 MDT 2013
# Start of session at: Wed Apr 21 20:54:42 2021
# Process ID: 7524
# Log file: F:/CEDT projects/color_mixer_fpga/references/clock_divideBy3/planAhead_run_1/planAhead.log
# Journal file: F:/CEDT projects/color_mixer_fpga/references/clock_divideBy3/planAhead_run_1/planAhead.jou
#-----------------------------------------------------------
INFO: [Common 17-78] Attempting to get a license: PlanAhead
INFO: [Common 17-290] Got license for PlanAhead
INFO: [Common 17-86] Your PlanAhead license expires in -661 day(s)
INFO: [Device 21-36] Loading parts and site information from C:/Xilinx/14.7/ISE_DS/PlanAhead/data/parts/arch.xml
Parsing RTL primitives file [C:/Xilinx/14.7/ISE_DS/PlanAhead/data/parts/xilinx/rtl/prims/rtl_prims.xml]
Finished parsing RTL primitives file [C:/Xilinx/14.7/ISE_DS/PlanAhead/data/parts/xilinx/rtl/prims/rtl_prims.xml]
start_gui
source {F:/CEDT projects/color_mixer_fpga/references/clock_divideBy3/pa.fromHdl.tcl}
# create_project -name clock_divideBy3 -dir "F:/CEDT projects/color_mixer_fpga/references/clock_divideBy3/planAhead_run_1" -part xc3s50antqg144-4
# set_param project.pinAheadLayout yes
# set srcset [get_property srcset [current_run -impl]]
# set_property target_constrs_file "clkBy3.ucf" [current_fileset -constrset]
Adding file 'F:/CEDT projects/color_mixer_fpga/references/clock_divideBy3/clkBy3.ucf' to fileset 'constrs_1'
# set hdlfile [add_files [list {clkBy3.v}]]
# set_property file_type Verilog $hdlfile
# set_property library work $hdlfile
# set_property top clkBy3 $srcset
# add_files [list {clkBy3.ucf}] -fileset [get_property constrset [current_run]]
# open_rtl_design -part xc3s50antqg144-4
Using Verific elaboration
Parsing VHDL file "C:/Xilinx/14.7/ISE_DS/PlanAhead/data/parts/xilinx/rtl/lib/synplify/synattr.vhd" into library synplify
Analyzing Verilog file "F:/CEDT projects/color_mixer_fpga/references/clock_divideBy3/clkBy3.v" into library work
INFO: [Designutils 20-910] Reading macro library C:/Xilinx/14.7/ISE_DS/PlanAhead/data\./parts/xilinx/spartan3a/hd_int_macros.edn
Parsing EDIF File [C:/Xilinx/14.7/ISE_DS/PlanAhead/data\./parts/xilinx/spartan3a/hd_int_macros.edn]
Finished Parsing EDIF File [C:/Xilinx/14.7/ISE_DS/PlanAhead/data\./parts/xilinx/spartan3a/hd_int_macros.edn]
Loading clock regions from C:/Xilinx/14.7/ISE_DS/PlanAhead/data\parts/xilinx/spartan3a/spartan3a/xc3s50an/ClockRegion.xml
Loading clock buffers from C:/Xilinx/14.7/ISE_DS/PlanAhead/data\parts/xilinx/spartan3a/spartan3a/xc3s50an/ClockBuffers.xml
Loading package from C:/Xilinx/14.7/ISE_DS/PlanAhead/data\parts/xilinx/spartan3a/spartan3a/xc3s50an/tqg144/Package.xml
Loading io standards from C:/Xilinx/14.7/ISE_DS/PlanAhead/data\./parts/xilinx/spartan3a/IOStandards.xml
INFO: [Device 21-19] Loading pkg sso from C:/Xilinx/14.7/ISE_DS/PlanAhead/data\parts/xilinx/spartan3a/spartan3a/xc3s50an/tqg144/SSORules.xml
Loading list of drcs for the architecture : C:/Xilinx/14.7/ISE_DS/PlanAhead/data\./parts/xilinx/spartan3a/drc.xml
INFO: [Timing 38-77] Reading timing library C:/Xilinx/14.7/ISE_DS/PlanAhead/data\parts/xilinx/spartan3a/spartan3a/spartan3a-4.lib.
INFO: [Timing 38-34] Done reading timing library C:/Xilinx/14.7/ISE_DS/PlanAhead/data\parts/xilinx/spartan3a/spartan3a/spartan3a-4.lib.
Parsing UCF File [F:/CEDT projects/color_mixer_fpga/references/clock_divideBy3/clkBy3.ucf]
Finished Parsing UCF File [F:/CEDT projects/color_mixer_fpga/references/clock_divideBy3/clkBy3.ucf]
INFO: [Project 1-111] Unisim Transformation Summary:
No Unisim elements were transformed.

Phase 0 | Netlist Checksum: adaf7a01
open_rtl_design: Time (s): elapsed = 00:00:08 . Memory (MB): peak = 467.215 ; gain = 80.871
update_compile_order -fileset sim_1
set_property iostandard LVCMOS25 [get_ports [list clk_in]]
set_property package_pin "" [get_ports [list  clk_out]]
startgroup
set_property package_pin P72 [get_ports clk_in]
endgroup
startgroup
set_property package_pin P70 [get_ports clk_out]
endgroup
set_property is_loc_fixed false [get_ports [list  clk_out]]
save_constraints
set_property is_loc_fixed true [get_ports [list  clk_out]]
save_constraints
exit
ERROR: [PlanAhead 12-106] *** Exception: ui.h.b: Found deleted key in HTclEventBroker. Verify if the classes listed here call cleanup()
HTclEvent: SIGNAL_MODIFY   Classes: ui.views.aR 
HTclEvent: SIGNAL_BUS_MODIFY   Classes: ui.views.aR 
HTclEvent: DEBUG_CORE_CONFIG_CHANGE   Classes: ui.views.aR 
HTclEvent: DEBUG_PORT_CONFIG_CHANGE   Classes: ui.views.aR 
 (See F:/CEDT projects/color_mixer_fpga/references/clock_divideBy3\planAhead_pid7524.debug)
ERROR: [Common 17-39] 'stop_gui' failed due to earlier errors.
INFO: [Common 17-206] Exiting PlanAhead at Wed Apr 21 20:59:11 2021...
INFO: [Common 17-83] Releasing license: PlanAhead
